-------------------------------------------------------------------------------
Test set: ca.jrvs.apps.twitter.dao.TwitterDaoIntTest
-------------------------------------------------------------------------------
Tests run: 3, Failures: 0, Errors: 3, Skipped: 0, Time elapsed: 0.025 s <<< FAILURE! - in ca.jrvs.apps.twitter.dao.TwitterDaoIntTest
create(ca.jrvs.apps.twitter.dao.TwitterDaoIntTest)  Time elapsed: 0.023 s  <<< ERROR!
java.lang.RuntimeException: ERROR: failed to execute POST
	at ca.jrvs.apps.twitter.dao.TwitterDaoIntTest.create(TwitterDaoIntTest.java:45)
Caused by: oauth.signpost.exception.OAuthExpectationFailedException: consumer key not set
	at ca.jrvs.apps.twitter.dao.TwitterDaoIntTest.create(TwitterDaoIntTest.java:45)

findById(ca.jrvs.apps.twitter.dao.TwitterDaoIntTest)  Time elapsed: 0 s  <<< ERROR!
java.lang.RuntimeException: ERROR: failed to execute POST
	at ca.jrvs.apps.twitter.dao.TwitterDaoIntTest.findById(TwitterDaoIntTest.java:59)
Caused by: oauth.signpost.exception.OAuthExpectationFailedException: consumer key not set
	at ca.jrvs.apps.twitter.dao.TwitterDaoIntTest.findById(TwitterDaoIntTest.java:59)

deleteById(ca.jrvs.apps.twitter.dao.TwitterDaoIntTest)  Time elapsed: 0.001 s  <<< ERROR!
java.lang.RuntimeException: ERROR: failed to execute POST
	at ca.jrvs.apps.twitter.dao.TwitterDaoIntTest.deleteById(TwitterDaoIntTest.java:70)
Caused by: oauth.signpost.exception.OAuthExpectationFailedException: consumer key not set
	at ca.jrvs.apps.twitter.dao.TwitterDaoIntTest.deleteById(TwitterDaoIntTest.java:70)

